[0m10:51:31.740601 [debug] [MainThread]: Sending event: {'category': 'dbt', 'action': 'invocation', 'label': 'start', 'context': [<snowplow_tracker.self_describing_json.SelfDescribingJson object at 0x0000016ED088E660>, <snowplow_tracker.self_describing_json.SelfDescribingJson object at 0x0000016ED343B610>, <snowplow_tracker.self_describing_json.SelfDescribingJson object at 0x0000016ED343B9D0>]}


============================== 10:51:31.745063 | bb5e706f-672f-4e00-b3a1-5eb299a69a0a ==============================
[0m10:51:31.745063 [info ] [MainThread]: Running with dbt=1.7.9
[0m10:51:31.745772 [debug] [MainThread]: running dbt with arguments {'printer_width': '80', 'indirect_selection': 'eager', 'write_json': 'True', 'log_cache_events': 'False', 'partial_parse': 'True', 'cache_selected_only': 'False', 'profiles_dir': 'C:\\Users\\maxim\\.dbt', 'version_check': 'True', 'debug': 'False', 'log_path': 'logs', 'fail_fast': 'False', 'warn_error': 'None', 'use_colors': 'True', 'use_experimental_parser': 'False', 'no_print': 'None', 'quiet': 'False', 'log_format': 'default', 'invocation_command': 'dbt init', 'static_parser': 'True', 'introspect': 'True', 'target_path': 'None', 'warn_error_options': 'WarnErrorOptions(include=[], exclude=[])', 'send_anonymous_usage_stats': 'True'}
[0m10:51:31.746500 [warn ] [MainThread]: [ConfigFolderDirectory]: Unable to parse dict {'dir': WindowsPath('C:/Users/maxim/.dbt')}
[0m10:51:31.746869 [info ] [MainThread]: Creating dbt configuration folder at 
[0m10:52:12.402443 [debug] [MainThread]: Starter project path: C:\Users\maxim\OneDrive\Bureau\WCS_DATA\dbt_demo\my-dbt-env\Lib\site-packages\dbt\include\starter_project
[0m10:52:12.429330 [info ] [MainThread]: 
Your new dbt project "project_test" was created!

For more information on how to configure the profiles.yml file,
please consult the dbt documentation here:

  https://docs.getdbt.com/docs/configure-your-profile

One more thing:

Need help? Don't hesitate to reach out to us via GitHub issues or on Slack:

  https://community.getdbt.com/

Happy modeling!

[0m10:52:12.430346 [info ] [MainThread]: Setting up your profile.
[0m10:52:19.633755 [info ] [MainThread]: Profile project_test written to C:\Users\maxim\.dbt\profiles.yml using target's sample configuration. Once updated, you'll be able to start developing with dbt.
[0m10:52:19.635389 [debug] [MainThread]: Command `dbt init` succeeded at 10:52:19.635218 after 47.97 seconds
[0m10:52:19.635734 [debug] [MainThread]: Sending event: {'category': 'dbt', 'action': 'invocation', 'label': 'end', 'context': [<snowplow_tracker.self_describing_json.SelfDescribingJson object at 0x0000016ECC80A9E0>, <snowplow_tracker.self_describing_json.SelfDescribingJson object at 0x0000016ED39A04D0>, <snowplow_tracker.self_describing_json.SelfDescribingJson object at 0x0000016ED35CE8B0>]}
[0m10:52:19.636078 [debug] [MainThread]: Flushing usage events
